# JRE version: Java(TM) SE Runtime Environment (7.0_79-b15) (build 1.7.0_79-b15)
# Java VM: Java HotSpot(TM) 64-Bit Server VM (24.79-b02 mixed mode windows-amd64 compressed oops)
Heap
 PSYoungGen      total 206336K, used 2464K [0x00000000eaa80000, 0x00000000f9f80000, 0x0000000100000000)
  eden space 164864K, 0% used [0x00000000eaa80000,0x00000000eaa80000,0x00000000f4b80000)
  from space 41472K, 5% used [0x00000000f7700000,0x00000000f7968020,0x00000000f9f80000)
  to   space 43008K, 0% used [0x00000000f4b80000,0x00000000f4b80000,0x00000000f7580000)
 ParOldGen       total 308224K, used 100962K [0x00000000c0000000, 0x00000000d2d00000, 0x00000000eaa80000)
  object space 308224K, 32% used [0x00000000c0000000,0x00000000c6298958,0x00000000d2d00000)
 PSPermGen       total 100352K, used 100311K [0x00000000b0000000, 0x00000000b6200000, 0x00000000c0000000)
  object space 100352K, 99% used [0x00000000b0000000,0x00000000b61f5dd8,0x00000000b6200000)
GC Heap History (10 events):
Event: 7392.733 GC heap after
Heap after GC invocations=309 (full 131):
 PSYoungGen      total 208384K, used 16821K [0x00000000eaa80000, 0x00000000fa480000, 0x0000000100000000)
  eden space 164864K, 0% used [0x00000000eaa80000,0x00000000eaa80000,0x00000000f4b80000)
  from space 43520K, 38% used [0x00000000f7a00000,0x00000000f8a6d420,0x00000000fa480000)
  to   space 45568K, 0% used [0x00000000f4b80000,0x00000000f4b80000,0x00000000f7800000)
 ParOldGen       total 308224K, used 97525K [0x00000000c0000000, 0x00000000d2d00000, 0x00000000eaa80000)
  object space 308224K, 31% used [0x00000000c0000000,0x00000000c5f3d440,0x00000000d2d00000)
 PSPermGen       total 100352K, used 100235K [0x00000000b0000000, 0x00000000b6200000, 0x00000000c0000000)
  object space 100352K, 99% used [0x00000000b0000000,0x00000000b61e2c80,0x00000000b6200000)
}
Event: 7392.733 GC heap before
{Heap before GC invocations=310 (full 132):
 PSYoungGen      total 208384K, used 16821K [0x00000000eaa80000, 0x00000000fa480000, 0x0000000100000000)
  eden space 164864K, 0% used [0x00000000eaa80000,0x00000000eaa80000,0x00000000f4b80000)
  from space 43520K, 38% used [0x00000000f7a00000,0x00000000f8a6d420,0x00000000fa480000)
  to   space 45568K, 0% used [0x00000000f4b80000,0x00000000f4b80000,0x00000000f7800000)
 ParOldGen       total 308224K, used 97525K [0x00000000c0000000, 0x00000000d2d00000, 0x00000000eaa80000)
  object space 308224K, 31% used [0x00000000c0000000,0x00000000c5f3d440,0x00000000d2d00000)
 PSPermGen       total 100352K, used 100235K [0x00000000b0000000, 0x00000000b6200000, 0x00000000c0000000)
  object space 100352K, 99% used [0x00000000b0000000,0x00000000b61e2c80,0x00000000b6200000)
Event: 7392.930 GC heap after
Heap after GC invocations=310 (full 132):
 PSYoungGen      total 208384K, used 0K [0x00000000eaa80000, 0x00000000fa480000, 0x0000000100000000)
  eden space 164864K, 0% used [0x00000000eaa80000,0x00000000eaa80000,0x00000000f4b80000)
  from space 43520K, 0% used [0x00000000f7a00000,0x00000000f7a00000,0x00000000fa480000)
  to   space 45568K, 0% used [0x00000000f4b80000,0x00000000f4b80000,0x00000000f7800000)
 ParOldGen       total 308224K, used 101017K [0x00000000c0000000, 0x00000000d2d00000, 0x00000000eaa80000)
  object space 308224K, 32% used [0x00000000c0000000,0x00000000c62a6680,0x00000000d2d00000)
 PSPermGen       total 100352K, used 100235K [0x00000000b0000000, 0x00000000b6200000, 0x00000000c0000000)
  object space 100352K, 99% used [0x00000000b0000000,0x00000000b61e2c80,0x00000000b6200000)
}
Event: 7392.931 GC heap before
{Heap before GC invocations=311 (full 132):
 PSYoungGen      total 208384K, used 2925K [0x00000000eaa80000, 0x00000000fa480000, 0x0000000100000000)
  eden space 164864K, 1% used [0x00000000eaa80000,0x00000000ead5b418,0x00000000f4b80000)
  from space 43520K, 0% used [0x00000000f7a00000,0x00000000f7a00000,0x00000000fa480000)
  to   space 45568K, 0% used [0x00000000f4b80000,0x00000000f4b80000,0x00000000f7800000)
 ParOldGen       total 308224K, used 101017K [0x00000000c0000000, 0x00000000d2d00000, 0x00000000eaa80000)
  object space 308224K, 32% used [0x00000000c0000000,0x00000000c62a6680,0x00000000d2d00000)
 PSPermGen       total 100352K, used 100235K [0x00000000b0000000, 0x00000000b6200000, 0x00000000c0000000)
  object space 100352K, 99% used [0x00000000b0000000,0x00000000b61e2c80,0x00000000b6200000)
Event: 7392.934 GC heap after
Heap after GC invocations=311 (full 132):
 PSYoungGen      total 165376K, used 0K [0x00000000eaa80000, 0x00000000fa280000, 0x0000000100000000)
  eden space 164864K, 0% used [0x00000000eaa80000,0x00000000eaa80000,0x00000000f4b80000)
  from space 512K, 0% used [0x00000000f4b80000,0x00000000f4b80000,0x00000000f4c00000)
  to   space 44544K, 0% used [0x00000000f7700000,0x00000000f7700000,0x00000000fa280000)
 ParOldGen       total 308224K, used 101017K [0x00000000c0000000, 0x00000000d2d00000, 0x00000000eaa80000)
  object space 308224K, 32% used [0x00000000c0000000,0x00000000c62a6680,0x00000000d2d00000)
 PSPermGen       total 100352K, used 100235K [0x00000000b0000000, 0x00000000b6200000, 0x00000000c0000000)
  object space 100352K, 99% used [0x00000000b0000000,0x00000000b61e2c80,0x00000000b6200000)
}
Event: 7392.934 GC heap before
{Heap before GC invocations=312 (full 133):
 PSYoungGen      total 165376K, used 0K [0x00000000eaa80000, 0x00000000fa280000, 0x0000000100000000)
  eden space 164864K, 0% used [0x00000000eaa80000,0x00000000eaa80000,0x00000000f4b80000)
  from space 512K, 0% used [0x00000000f4b80000,0x00000000f4b80000,0x00000000f4c00000)
  to   space 44544K, 0% used [0x00000000f7700000,0x00000000f7700000,0x00000000fa280000)
 ParOldGen       total 308224K, used 101017K [0x00000000c0000000, 0x00000000d2d00000, 0x00000000eaa80000)
  object space 308224K, 32% used [0x00000000c0000000,0x00000000c62a6680,0x00000000d2d00000)
 PSPermGen       total 100352K, used 100235K [0x00000000b0000000, 0x00000000b6200000, 0x00000000c0000000)
  object space 100352K, 99% used [0x00000000b0000000,0x00000000b61e2c80,0x00000000b6200000)
Event: 7393.183 GC heap after
Heap after GC invocations=312 (full 133):
 PSYoungGen      total 165376K, used 0K [0x00000000eaa80000, 0x00000000fa280000, 0x0000000100000000)
  eden space 164864K, 0% used [0x00000000eaa80000,0x00000000eaa80000,0x00000000f4b80000)
  from space 512K, 0% used [0x00000000f4b80000,0x00000000f4b80000,0x00000000f4c00000)
  to   space 44544K, 0% used [0x00000000f7700000,0x00000000f7700000,0x00000000fa280000)
 ParOldGen       total 308224K, used 100962K [0x00000000c0000000, 0x00000000d2d00000, 0x00000000eaa80000)
  object space 308224K, 32% used [0x00000000c0000000,0x00000000c6298958,0x00000000d2d00000)
 PSPermGen       total 100352K, used 100235K [0x00000000b0000000, 0x00000000b6200000, 0x00000000c0000000)
  object space 100352K, 99% used [0x00000000b0000000,0x00000000b61e2c80,0x00000000b6200000)
}
Event: 12644.257 GC heap before
{Heap before GC invocations=313 (full 133):
 PSYoungGen      total 165376K, used 71711K [0x00000000eaa80000, 0x00000000fa280000, 0x0000000100000000)
  eden space 164864K, 43% used [0x00000000eaa80000,0x00000000ef087ce8,0x00000000f4b80000)
  from space 512K, 0% used [0x00000000f4b80000,0x00000000f4b80000,0x00000000f4c00000)
  to   space 44544K, 0% used [0x00000000f7700000,0x00000000f7700000,0x00000000fa280000)
 ParOldGen       total 308224K, used 100962K [0x00000000c0000000, 0x00000000d2d00000, 0x00000000eaa80000)
  object space 308224K, 32% used [0x00000000c0000000,0x00000000c6298958,0x00000000d2d00000)
 PSPermGen       total 100352K, used 100311K [0x00000000b0000000, 0x00000000b6200000, 0x00000000c0000000)
  object space 100352K, 99% used [0x00000000b0000000,0x00000000b61f5dd8,0x00000000b6200000)
Event: 12644.292 GC heap after
Heap after GC invocations=313 (full 133):
 PSYoungGen      total 206336K, used 2464K [0x00000000eaa80000, 0x00000000f9f80000, 0x0000000100000000)
  eden space 164864K, 0% used [0x00000000eaa80000,0x00000000eaa80000,0x00000000f4b80000)
  from space 41472K, 5% used [0x00000000f7700000,0x00000000f7968020,0x00000000f9f80000)
  to   space 43008K, 0% used [0x00000000f4b80000,0x00000000f4b80000,0x00000000f7580000)
 ParOldGen       total 308224K, used 100962K [0x00000000c0000000, 0x00000000d2d00000, 0x00000000eaa80000)
  object space 308224K, 32% used [0x00000000c0000000,0x00000000c6298958,0x00000000d2d00000)
 PSPermGen       total 100352K, used 100311K [0x00000000b0000000, 0x00000000b6200000, 0x00000000c0000000)
  object space 100352K, 99% used [0x00000000b0000000,0x00000000b61f5dd8,0x00000000b6200000)
}
Event: 12644.292 GC heap before
{Heap before GC invocations=314 (full 134):
 PSYoungGen      total 206336K, used 2464K [0x00000000eaa80000, 0x00000000f9f80000, 0x0000000100000000)
  eden space 164864K, 0% used [0x00000000eaa80000,0x00000000eaa80000,0x00000000f4b80000)
  from space 41472K, 5% used [0x00000000f7700000,0x00000000f7968020,0x00000000f9f80000)
  to   space 43008K, 0% used [0x00000000f4b80000,0x00000000f4b80000,0x00000000f7580000)
 ParOldGen       total 308224K, used 100962K [0x00000000c0000000, 0x00000000d2d00000, 0x00000000eaa80000)
  object space 308224K, 32% used [0x00000000c0000000,0x00000000c6298958,0x00000000d2d00000)
 PSPermGen       total 100352K, used 100311K [0x00000000b0000000, 0x00000000b6200000, 0x00000000c0000000)
  object space 100352K, 99% used [0x00000000b0000000,0x00000000b61f5dd8,0x00000000b6200000)

